lam=0.656
nphi=60
nrad=3
Nphot=100000
NphotStar=10000
nspike=2


*** technical stuff, don't touch ***
nint=1000
nexits=5
scaletype=1
**************************************************************************
inc=45.0

**************************************************************************
type='IMAGE'
flag='_asy_scat'
lam=1.67
fov01=30d0
npix=1500d0
*************************************************************************

tracescat=.true. !everything is traced here. Not setting tracesccat, traceemis and tracestar would lead to the same result, since they are pre-set to true
traceemis=.true.
tracestar=.true.
*trace21=.false.

*trace01=.false.
*trace02=.false.
*trace03=.false.
*trace04=.false.
*trace05=.false.
*trace06=.false.
*trace07=.false.
*trace08=.false.
*trace09=.false.
*trace10=.false.
*trace11=.false.
*trace12=.false.
*trace13=.false.
*trace14=.false.
*trace15=.false.
*trace16=.false.
*trace17=.false.
*trace18=.false.
*trace19=.false.
*trace20=.false.

