lam=0.656
nphi=60
nrad=1
Nphot=1000000 ! large number of photons
NphotStar=10000
nspike=2
npix=256 ! re-set later
fov01=10d0 ! re-set later

*** technical stuff, don't touch ***
nint=1000
nexits=5
scaletype=2
**************************************************************************
inc=22.

*** several images can be calculated using the same Image.out file***
**************************************************************************
*3mm band
type='IMAGE'
flag='3mmband'
lam=3000.
fov01=10d0
npix=1024
**************************************************************************
**************************************************************************
*2mm band
type='IMAGE'
flag='2mmband'
lam=2000.
fov01=10d0
npix=1024
**************************************************************************
**************************************************************************
*850 band
type='IMAGE'
flag='850band'
lam=850.
fov01=10d0
npix=1024
**************************************************************************
**************************************************************************
*R band
type='IMAGE'
flag='Rband'
lam=0.65
fov01=10d0
npix=1024
**************************************************************************
**************************************************************************
*H band
type='IMAGE'
flag='Hband'
lam=1.6
fov01=10d0
npix=1024
**************************************************************************
**************************************************************************
*Q band
type='IMAGE'
flag='Qband'
lam=20.
fov01=10d0
npix=1024
