lam=0.656
nphi=60
nrad=1
Nphot=10000000 ! very high number of photons, 'just in case'
NphotStar=100000
nspike=2
npix=256
fov01=10d0

*** technical stuff, don't touch ***
nint=1000
nexits=5
scaletype=2
**************************************************************************
inc=15.
*high resolution images*
**************************************************************************
*3mm band
type='IMAGE'
flag='3mmband'
lam=3000.
fov01=5d0
npix=7000
**************************************************************************
**************************************************************************
*2mm band
type='IMAGE'
flag='2mmband'
lam=2000.
fov01=5d0
npix=7000
**************************************************************************
**************************************************************************
*850 band
type='IMAGE'
flag='850band'
lam=850.
fov01=5d0
npix=7000
**************************************************************************
**************************************************************************
*R band
type='IMAGE'
flag='Rband'
lam=0.65
fov01=5d0
npix=7000
**************************************************************************
**************************************************************************
*H band
type='IMAGE'
flag='Hband'
lam=1.6
fov01=5d0
npix=7000
**************************************************************************
**************************************************************************
*Q band
type='IMAGE'
flag='Qband'
lam=20.
fov01=5d0
npix=7000
