lam=0.6d0
nphi=75
nrad=1
Nphot=500000
NphotStar=50000
npix=1000
nint=5000
nexits=5
scaletype=2
fov01=5d0

dlam=0.3
texp=3600d0

**************************************************************************
** full res image
type='IMAGE'
**************************************************************************

**************************************************************************
** VLT image
type='IMAGE'
flag='VLT'
D=8.2d0
D2=1d0
width=0.1d0
npix=200
**************************************************************************
