*** set the defaults  ****************************************************
nphi=45
nrad=1
nphotstar=50000
nphot=500000
nexits=0
usepol=.false.


**************************************************************************
****  visibilities as function of wavelength (MIDI)

D=1.8
inc=45.0

type='VISIBILITY'
flag='L_-60_45'

lam1=3.0
lam2=4.0
nlam=6

***small*** 01-180***30***
base01=14.47
angle01=6.358
base02=16.999
angle02=41.065
base03=31.841
angle03=72.265
base04=9.692
angle04=-80.713
base05=29.105
angle05=-80.744
base06=19.413
angle06=-80.76
base07=15.022
angle07=2.759
base08=17.309
angle08=36.802
base09=31.87
angle09=68.693
base10=9.713
angle10=-83.226
base11=29.17
angle11=-83.258
base12=19.456
angle12=-83.274
base13=15.566
angle13=-0.706
base14=17.627
angle14=32.649
base15=31.9
angle15=65.138
base16=9.728
angle16=-85.74
base17=29.215
angle17=-85.773
base18=19.486
angle18=-85.79
base19=16.098
angle19=-4.054
base20=17.952
angle20=28.602
base21=31.93
angle21=61.603
base22=9.737
angle22=-88.256
base23=29.239
angle23=-88.29
base24=19.502
angle24=-88.307
base25=16.616
angle25=-7.301
base26=18.279
angle26=24.656
base27=31.958
angle27=58.089
base28=9.738
angle28=89.228
base29=29.242
angle29=89.193
base30=19.504
angle30=89.175
base31=17.118
angle31=-10.463
base32=18.605
angle32=20.804
base33=31.982
angle33=54.596
base34=9.732
angle34=86.712
base35=29.226
angle35=86.676
base36=19.493
angle36=86.658
base37=17.604
angle37=-13.55
base38=18.927
angle38=17.038
base39=32.0
angle39=51.125
base40=9.72
angle40=84.197
base41=29.188
angle41=84.16
base42=19.468
angle42=84.141
base43=18.071
angle43=-16.574
base44=19.243
angle44=13.352
base45=32.01
angle45=47.676
base46=9.701
angle46=81.684
base47=29.13
angle47=81.645
base48=19.43
angle48=81.626
base49=18.519
angle49=-19.545
base50=19.551
angle50=9.738
base51=32.009
angle51=44.248
base52=9.675
angle52=79.173
base53=29.052
angle53=79.133
base54=19.377
angle54=79.113
base55=18.947
angle55=-22.47
base56=19.848
angle56=6.189
base57=31.997
angle57=40.841
base58=9.642
angle58=76.664
base59=28.952
angle59=76.624
base60=19.31
angle60=76.604
base61=19.355
angle61=-25.357
base62=20.133
angle62=2.698
base63=31.97
angle63=37.452
base64=9.601
angle64=74.159
base65=28.83
angle65=74.118
base66=19.229
angle66=74.097
base67=19.742
angle67=-28.213
base68=20.404
angle68=-0.743
base69=31.927
angle69=34.08
base70=9.554
angle70=71.658
base71=28.687
angle71=71.616
base72=19.134
angle72=71.594
base73=20.107
angle73=-31.043
base74=20.66
angle74=-4.141
base75=31.866
angle75=30.721
base76=9.498
angle76=69.161
base77=28.522
angle77=69.117
base78=19.023
angle78=69.096
base79=20.451
angle79=-33.853
base80=20.9
angle80=-7.502
base81=31.785
angle81=27.374
base82=9.436
angle82=66.668
base83=28.333
angle83=66.623
base84=18.897
angle84=66.601
base85=20.774
angle85=-36.646
base86=21.124
angle86=-10.831
base87=31.684
angle87=24.034
base88=9.365
angle88=64.179
base89=28.121
angle89=64.133
base90=18.756
angle90=64.11
base91=21.077
angle91=-39.427
base92=21.33
angle92=-14.136
base93=31.56
angle93=20.698
base94=9.287
angle94=61.694
base95=27.886
angle95=61.647
base96=18.599
angle96=61.624
base97=21.358
angle97=-42.2
base98=21.518
angle98=-17.422
base99=31.413
angle99=17.362
base100=9.2
angle100=59.213
base101=27.625
angle101=59.165
base102=18.425
angle102=59.141
base103=21.619
angle103=-44.966
base104=21.69
angle104=-20.693
base105=31.243
angle105=14.022
base106=9.105
angle106=56.735
base107=27.34
angle107=56.686
base108=18.235
angle108=56.662
base109=21.86
angle109=-47.728
base110=21.844
angle110=-23.955
base111=31.048
angle111=10.672
base112=9.002
angle112=54.259
base113=27.029
angle113=54.21
base114=18.027
angle114=54.185
base115=22.081
angle115=-50.489
base116=21.98
angle116=-27.211
base117=30.83
angle117=7.308
base118=8.89
angle118=51.785
base119=26.692
angle119=51.735
base120=17.802
angle120=51.709
base121=22.284
angle121=-53.251
base122=22.101
angle122=-30.467
base123=30.587
angle123=3.924
base124=8.769
angle124=49.312
base125=26.328
angle125=49.26
base126=17.56
angle126=49.234
base127=22.468
angle127=-56.014
base128=22.206
angle128=-33.725
base129=30.322
angle129=0.516
base130=8.639
angle130=46.837
base131=25.938
angle131=46.784
base132=17.299
angle132=46.758
base133=22.635
angle133=-58.78
base134=22.296
angle134=-36.988
base135=30.034
angle135=-2.924
base136=8.499
angle136=44.359
base137=25.519
angle137=44.305
base138=17.02
angle138=44.278
base139=22.784
angle139=-61.55
base140=22.372
angle140=-40.26
base141=29.725
angle141=-6.4
base142=8.351
angle142=41.876
base143=25.073
angle143=41.821
base144=16.723
angle144=41.793
base145=22.918
angle145=-64.324
base146=22.435
angle146=-43.543
base147=29.397
angle147=-9.919
base148=8.193
angle148=39.386
base149=24.599
angle149=39.329
base150=16.406
angle150=39.301
base151=23.035
angle151=-67.103
base152=22.487
angle152=-46.839
base153=29.053
angle153=-13.488
base154=8.026
angle154=36.885
base155=24.097
angle155=36.827
base156=16.071
angle156=36.798
base157=23.137
angle157=-69.886
base158=22.528
angle158=-50.149
base159=28.693
angle159=-17.111
base160=7.85
angle160=34.37
base161=23.567
angle161=34.31
base162=15.718
angle162=34.28
base163=23.225
angle163=-72.674
base164=22.56
angle164=-53.474
base165=28.322
angle165=-20.795
base166=7.664
angle166=31.837
base167=23.009
angle167=31.776
base168=15.345
angle168=31.745
base169=23.299
angle169=-75.467
base170=22.584
angle170=-56.815
base171=27.942
angle171=-24.547
base172=7.469
angle172=29.281
base173=22.423
angle173=29.218
base174=14.954
angle174=29.187
base175=23.359
angle175=-78.263
base176=22.601
angle176=-60.173
base177=27.556
angle177=-28.371
base178=7.264
angle178=26.698
base179=21.809
angle179=26.633
base180=14.545
angle180=26.6
***medium***181-348***28***
base181=36.363
angle181=-86.426
base182=97.358
angle182=-89.276
base183=95.484
angle183=72.266
base184=61.066
angle184=89.027
base185=63.008
angle185=60.16
base186=30.984
angle186=-11.928
base187=36.38
angle187=-89.148
base188=97.345
angle188=87.891
base189=95.569
angle189=68.694
base190=61.043
angle190=86.126
base191=63.378
angle191=56.19
base192=32.215
angle192=-14.825
base193=36.376
angle193=88.13
base194=97.283
angle194=85.058
base195=95.659
angle195=65.139
base196=60.99
angle196=83.227
base197=63.774
angle197=52.267
base198=33.408
angle198=-17.646
base199=36.351
angle199=85.408
base200=97.17
angle200=82.228
base201=95.748
angle201=61.604
base202=60.909
angle202=80.33
base203=64.189
angle203=48.391
base204=34.561
angle204=-20.404
base205=36.304
angle205=82.688
base206=97.006
angle206=79.399
base207=95.832
angle207=58.09
base208=60.797
angle208=77.436
base209=64.615
angle209=44.564
base210=35.672
angle210=-23.109
base211=36.236
angle211=79.97
base212=96.789
angle212=76.574
base213=95.904
angle213=54.597
base214=60.655
angle214=74.546
base215=65.044
angle215=40.786
base216=36.74
angle216=-25.769
base217=36.145
angle217=77.255
base218=96.518
angle218=73.752
base219=95.958
angle219=51.126
base220=60.481
angle220=71.66
base221=65.471
angle221=37.055
base222=37.762
angle222=-28.393
base223=36.032
angle223=74.542
base224=96.191
angle224=70.935
base225=95.988
angle225=47.677
base226=60.273
angle226=68.78
base227=65.889
angle227=33.37
base228=38.739
angle228=-30.987
base229=35.895
angle229=71.834
base230=95.806
angle230=68.123
base231=95.987
angle231=44.25
base232=60.031
angle232=65.905
base233=66.29
angle233=29.728
base234=39.669
angle234=-33.557
base235=35.735
angle235=69.13
base236=95.36
angle236=65.315
base237=95.95
angle237=40.842
base238=59.752
angle238=63.035
base239=66.669
angle239=26.127
base240=40.552
angle240=-36.107
base241=35.55
angle241=66.43
base242=94.852
angle242=62.513
base243=95.869
angle243=37.453
base244=59.435
angle244=60.171
base245=67.02
angle245=22.563
base246=41.388
angle246=-38.642
base247=35.339
angle247=63.734
base248=94.278
angle248=59.715
base249=95.74
angle249=34.081
base250=59.078
angle250=57.312
base251=67.338
angle251=19.032
base252=42.177
angle252=-41.166
base253=35.102
angle253=61.043
base254=93.636
angle254=56.921
base255=95.557
angle255=30.722
base256=58.679
angle256=54.457
base257=67.619
angle257=15.529
base258=42.919
angle258=-43.68
base259=34.838
angle259=58.355
base260=92.923
angle260=54.131
base261=95.315
angle261=27.375
base262=58.236
angle262=51.605
base263=67.859
angle263=12.052
base264=43.615
angle264=-46.189
base265=34.546
angle265=55.671
base266=92.137
angle266=51.343
base267=95.01
angle267=24.035
base268=57.748
angle268=48.756
base269=68.054
angle269=8.594
base270=44.265
angle270=-48.694
base271=34.225
angle271=52.988
base272=91.274
angle272=48.556
base273=94.639
angle273=20.699
base274=57.212
angle274=45.907
base275=68.203
angle275=5.15
base276=44.87
angle276=-51.197
base277=33.874
angle277=50.307
base278=90.332
angle278=45.769
base279=94.199
angle279=17.364
base280=56.628
angle280=43.056
base281=68.303
angle281=1.717
base282=45.43
angle282=-53.701
base283=33.492
angle283=47.625
base284=89.309
angle284=42.979
base285=93.687
angle285=14.023
base286=55.993
angle286=40.202
base287=68.353
angle287=-1.711
base288=45.947
angle288=-56.205
base289=33.079
angle289=44.941
base290=88.203
angle290=40.185
base291=93.104
angle291=10.673
base292=55.307
angle292=37.342
base293=68.354
angle293=-5.139
base294=46.421
angle294=-58.712
base295=32.633
angle295=42.253
base296=87.013
angle296=37.382
base297=92.449
angle297=7.309
base298=54.568
angle298=34.472
base299=68.305
angle299=-8.572
base300=46.853
angle300=-61.221
base301=32.155
angle301=39.557
base302=85.736
angle302=34.569
base303=91.722
angle303=3.926
base304=53.775
angle304=31.588
base305=68.209
angle305=-12.014
base306=47.245
angle306=-63.734
base307=31.644
angle307=36.852
base308=84.372
angle308=31.741
base309=90.925
angle309=0.517
base310=52.929
angle310=28.688
base311=68.067
angle311=-15.472
base312=47.596
angle312=-66.251
base313=31.099
angle313=34.133
base314=82.921
angle314=28.894
base315=90.062
angle315=-2.922
base316=52.029
angle316=25.765
base317=67.882
angle317=-18.948
base318=47.909
angle318=-68.773
base319=30.521
angle319=31.397
base320=81.383
angle320=26.024
base321=89.137
angle321=-6.399
base322=51.076
angle322=22.816
base323=67.657
angle323=-22.448
base324=48.184
angle324=-71.298
base325=29.909
angle325=28.64
base326=79.757
angle326=23.124
base327=88.154
angle327=-9.918
base328=50.069
angle328=19.833
base329=67.395
angle329=-25.976
base330=48.422
angle330=-73.827
base331=29.264
angle331=25.855
base332=78.047
angle332=20.189
base333=87.12
angle333=-13.486
base334=49.011
angle334=16.81
base335=67.103
angle335=-29.535
base336=48.624
angle336=-76.36
base337=28.585
angle337=23.038
base338=76.253
angle338=17.212
base339=86.042
angle339=-17.109
base340=47.903
angle340=13.739
base341=66.785
angle341=-33.129
base342=48.79
angle342=-78.897
base343=27.875
angle343=20.181
base344=74.379
angle344=14.185
base345=84.928
angle345=-20.794
base346=46.747
angle346=10.613
base347=66.446
angle347=-36.761
base348=48.922
angle348=-81.436
***large***249-528***30***
base349=68.019
angle349=41.074
base350=118.249
angle350=59.355
base351=127.959
angle351=86.205
base352=57.749
angle352=81.038
base353=93.378
angle353=-62.714
base354=57.937
angle354=-26.602
base355=69.257
angle355=36.811
base356=118.996
angle356=55.364
base357=127.873
angle357=83.19
base358=57.711
angle358=77.812
base359=94.492
angle359=-64.765
base360=59.981
angle360=-28.983
base361=70.532
angle361=32.658
base362=119.792
angle362=51.421
base363=127.737
angle363=80.178
base364=57.66
angle364=74.592
base365=95.512
angle365=-66.824
base366=61.946
angle366=-31.338
base367=71.83
angle367=28.611
base368=120.625
angle368=47.529
base369=127.55
angle369=77.169
base370=57.593
angle370=71.38
base371=96.44
angle371=-68.891
base372=63.83
angle372=-33.672
base373=73.137
angle373=24.665
base374=121.479
angle374=43.688
base375=127.309
angle375=74.165
base376=57.51
angle376=68.177
base377=97.276
angle377=-70.965
base378=65.633
angle378=-35.99
base379=74.441
angle379=20.812
base380=122.343
angle380=39.897
base381=127.012
angle381=71.166
base382=57.408
angle382=64.983
base383=98.022
angle383=-73.047
base384=67.352
angle384=-38.296
base385=75.731
angle385=17.047
base386=123.202
angle386=36.156
base387=126.654
angle387=68.174
base388=57.286
angle388=61.799
base389=98.678
angle389=-75.135
base390=68.988
angle390=-40.593
base391=76.996
angle391=13.361
base392=124.042
angle392=32.462
base393=126.234
angle393=65.188
base394=57.14
angle394=58.626
base395=99.245
angle395=-77.228
base396=70.541
angle396=-42.883
base397=78.227
angle397=9.747
base398=124.852
angle398=28.813
base399=125.746
angle399=62.209
base400=56.969
angle400=55.464
base401=99.724
angle401=-79.326
base402=72.01
angle402=-45.17
base403=79.416
angle403=6.198
base404=125.62
angle404=25.206
base405=125.186
angle405=59.237
base406=56.769
angle406=52.311
base407=100.116
angle407=-81.429
base408=73.396
angle408=-47.455
base409=80.555
angle409=2.706
base410=126.335
angle410=21.637
base411=124.551
angle411=56.271
base412=56.539
angle412=49.168
base413=100.421
angle413=-83.535
base414=74.698
angle414=-49.74
base415=81.64
angle415=-0.735
base416=126.988
angle416=18.102
base417=123.835
angle417=53.311
base418=56.276
angle418=46.033
base419=100.64
angle419=-85.644
base420=75.919
angle420=-52.026
base421=82.664
angle421=-4.133
base422=127.569
angle422=14.597
base423=123.035
angle423=50.355
base424=55.977
angle424=42.904
base425=100.774
angle425=-87.754
base426=77.059
angle426=-54.314
base427=83.624
angle427=-7.494
base428=128.072
angle428=11.117
base429=122.146
angle429=47.403
base430=55.64
angle430=39.78
base431=100.822
angle431=-89.866
base432=78.118
angle432=-56.606
base433=84.517
angle433=-10.824
base434=128.492
angle434=7.658
base435=121.164
angle435=44.453
base436=55.263
angle436=36.659
base437=100.785
angle437=88.023
base438=79.098
angle438=-58.901
base439=85.342
angle439=-14.129
base440=128.822
angle440=4.215
base441=120.085
angle441=41.502
base442=54.844
angle442=33.537
base443=100.662
angle443=85.912
base444=80.0
angle444=-61.202
base445=86.096
angle445=-17.414
base446=129.061
angle446=0.782
base447=118.906
angle447=38.549
base448=54.381
angle448=30.412
base449=100.454
angle449=83.803
base450=80.826
angle450=-63.507
base451=86.781
angle451=-20.686
base452=129.206
angle452=-2.645
base453=117.623
angle453=35.59
base454=53.873
angle454=27.28
base455=100.159
angle455=81.697
base456=81.576
angle456=-65.817
base457=87.397
angle457=-23.947
base458=129.257
angle458=-6.071
base459=116.234
angle459=32.623
base460=53.32
angle460=24.137
base461=99.778
angle461=79.594
base462=82.252
angle462=-68.132
base463=87.945
angle463=-27.204
base464=129.215
angle464=-9.502
base465=114.737
angle465=29.644
base466=52.72
angle466=20.978
base467=99.311
angle467=77.495
base468=82.855
angle468=-70.453
base469=88.427
angle469=-30.46
base470=129.082
angle470=-12.941
base471=113.131
angle471=26.648
base472=52.073
angle472=17.799
base473=98.755
angle473=75.401
base474=83.387
angle474=-72.778
base475=88.846
angle475=-33.718
base476=128.863
angle476=-16.395
base477=111.416
angle477=23.63
base478=51.38
angle478=14.594
base479=98.11
angle479=73.312
base480=83.849
angle480=-75.107
base481=89.206
angle481=-36.982
base482=128.562
angle482=-19.867
base483=109.592
angle483=20.587
base484=50.642
angle484=11.357
base485=97.376
angle485=71.23
base486=84.241
angle486=-77.441
base487=89.511
angle487=-40.254
base488=128.187
angle488=-23.362
base489=107.66
angle489=17.51
base490=49.86
angle490=8.082
base491=96.552
angle491=69.155
base492=84.564
angle492=-79.778
base493=89.764
angle493=-43.537
base494=127.743
angle494=-26.883
base495=105.623
angle495=14.395
base496=49.035
angle496=4.761
base497=95.636
angle497=67.086
base498=84.821
angle498=-82.119
base499=89.97
angle499=-46.833
base500=127.24
angle500=-30.434
base501=103.485
angle501=11.233
base502=48.171
angle502=1.388
base503=94.627
angle503=65.026
base504=85.01
angle504=-84.461
base505=90.134
angle505=-50.143
base506=126.688
angle506=-34.019
base507=101.251
angle507=8.017
base508=47.271
angle508=-2.046
base509=93.525
angle509=62.975
base510=85.133
angle510=-86.805
base511=90.261
angle511=-53.468
base512=126.097
angle512=-37.641
base513=98.926
angle513=4.738
base514=46.338
angle514=-5.55
base515=92.328
angle515=60.931
base516=85.19
angle516=-89.151
base517=90.356
angle517=-56.809
base518=125.478
angle518=-41.301
base519=96.518
angle519=1.385
base520=45.378
angle520=-9.133
base521=91.036
angle521=58.897
base522=85.181
angle522=88.504
base523=90.425
angle523=-60.167
base524=124.844
angle524=-45.002
base525=94.037
angle525=-2.051
base526=44.395
angle526=-12.804
base527=89.647
angle527=56.872
base528=85.106
angle528=86.159
***astro***529-708***30***
base529=68.019
angle529=41.074
base530=118.249
angle530=59.355
base531=127.325
angle531=72.265
base532=57.749
angle532=81.038
base533=77.596
angle533=-80.735
base534=29.044
angle534=-42.28
base535=69.257
angle535=36.811
base536=118.996
angle536=55.364
base537=127.438
angle537=68.693
base538=57.711
angle538=77.812
base539=77.771
angle539=-83.249
base540=29.805
angle540=-44.312
base541=70.532
angle541=32.658
base542=119.792
angle542=51.421
base543=127.558
angle543=65.139
base544=57.66
angle544=74.592
base545=77.89
angle545=-85.764
base546=30.529
angle546=-46.349
base547=71.83
angle547=28.611
base548=120.625
angle548=47.529
base549=127.678
angle549=61.604
base550=57.593
angle550=71.38
base551=77.954
angle551=-88.28
base552=31.216
angle552=-48.392
base553=73.137
angle553=24.665
base554=121.479
angle554=43.688
base555=127.79
angle555=58.089
base556=57.51
angle556=68.177
base557=77.964
angle557=89.203
base558=31.866
angle558=-50.441
base559=74.441
angle559=20.812
base560=122.343
angle560=39.897
base561=127.886
angle561=54.597
base562=57.408
angle562=64.983
base563=77.92
angle563=86.686
base564=32.48
angle564=-52.498
base565=75.731
angle565=17.047
base566=123.202
angle566=36.156
base567=127.958
angle567=51.126
base568=57.286
angle568=61.799
base569=77.821
angle569=84.171
base570=33.057
angle570=-54.561
base571=76.996
angle571=13.361
base572=124.042
angle572=32.462
base573=127.998
angle573=47.677
base574=57.14
angle574=58.626
base575=77.666
angle575=81.657
base576=33.597
angle576=-56.633
base577=78.227
angle577=9.747
base578=124.852
angle578=28.813
base579=127.997
angle579=44.249
base580=56.969
angle580=55.464
base581=77.457
angle581=79.145
base582=34.101
angle582=-58.712
base583=79.416
angle583=6.198
base584=125.62
angle584=25.206
base585=127.947
angle585=40.842
base586=56.769
angle586=52.311
base587=77.191
angle587=76.636
base588=34.57
angle588=-60.8
base589=80.555
angle589=2.706
base590=126.335
angle590=21.637
base591=127.839
angle591=37.453
base592=56.539
angle592=49.168
base593=76.867
angle593=74.13
base594=35.003
angle594=-62.895
base595=81.64
angle595=-0.735
base596=126.988
angle596=18.102
base597=127.667
angle597=34.081
base598=56.276
angle598=46.033
base599=76.485
angle599=71.628
base600=35.401
angle600=-64.998
base601=82.664
angle601=-4.133
base602=127.569
angle602=14.597
base603=127.423
angle603=30.722
base604=55.977
angle604=42.904
base605=76.044
angle605=69.13
base606=35.764
angle606=-67.108
base607=83.624
angle607=-7.494
base608=128.072
angle608=11.117
base609=127.1
angle609=27.375
base610=55.64
angle610=39.78
base611=75.542
angle611=66.636
base612=36.093
angle612=-69.226
base613=84.517
angle613=-10.824
base614=128.492
angle614=7.658
base615=126.694
angle615=24.035
base616=55.263
angle616=36.659
base617=74.977
angle617=64.146
base618=36.389
angle618=-71.35
base619=85.342
angle619=-14.129
base620=128.822
angle620=4.215
base621=126.199
angle621=20.699
base622=54.844
angle622=33.537
base623=74.349
angle623=61.661
base624=36.651
angle624=-73.481
base625=86.096
angle625=-17.414
base626=129.061
angle626=0.782
base627=125.612
angle627=17.363
base628=54.381
angle628=30.412
base629=73.655
angle629=59.179
base630=36.88
angle630=-75.618
base631=86.781
angle631=-20.686
base632=129.206
angle632=-2.645
base633=124.93
angle633=14.023
base634=53.873
angle634=27.28
base635=72.895
angle635=56.7
base636=37.076
angle636=-77.759
base637=87.397
angle637=-23.947
base638=129.257
angle638=-6.071
base639=124.152
angle639=10.673
base640=53.32
angle640=24.137
base641=72.066
angle641=54.224
base642=37.241
angle642=-79.905
base643=87.945
angle643=-27.204
base644=129.215
angle644=-9.502
base645=123.278
angle645=7.309
base646=52.72
angle646=20.978
base647=71.167
angle647=51.749
base648=37.373
angle648=-82.055
base649=88.427
angle649=-30.46
base650=129.082
angle650=-12.941
base651=122.309
angle651=3.925
base652=52.073
angle652=17.799
base653=70.198
angle653=49.275
base654=37.473
angle654=-84.208
base655=88.846
angle655=-33.718
base656=128.863
angle656=-16.395
base657=121.247
angle657=0.517
base658=51.38
angle658=14.594
base659=69.156
angle659=46.8
base660=37.542
angle660=-86.363
base661=89.206
angle661=-36.982
base662=128.562
angle662=-19.867
base663=120.096
angle663=-2.923
base664=50.642
angle664=11.357
base665=68.041
angle665=44.321
base666=37.579
angle666=-88.519
base667=89.511
angle667=-40.254
base668=128.187
angle668=-23.362
base669=118.862
angle669=-6.399
base670=49.86
angle670=8.082
base671=66.853
angle671=41.837
base672=37.585
angle672=89.324
base673=89.764
angle673=-43.537
base674=127.743
angle674=-26.883
base675=117.552
angle675=-9.918
base676=49.035
angle676=4.761
base677=65.589
angle677=39.346
base678=37.559
angle678=87.167
base679=89.97
angle679=-46.833
base680=127.24
angle680=-30.434
base681=116.173
angle681=-13.486
base682=48.171
angle682=1.388
base683=64.251
angle683=36.844
base684=37.502
angle684=85.011
base685=90.134
angle685=-50.143
base686=126.688
angle686=-34.019
base687=114.735
angle687=-17.11
base688=47.271
angle688=-2.046
base689=62.837
angle689=34.328
base690=37.414
angle690=82.858
base691=90.261
angle691=-53.468
base692=126.097
angle692=-37.641
base693=113.25
angle693=-20.794
base694=46.338
angle694=-5.55
base695=61.349
angle695=31.794
base696=37.294
angle696=80.707
base697=90.356
angle697=-56.809
base698=125.478
angle698=-41.301
base699=111.73
angle699=-24.545
base700=45.378
angle700=-9.133
base701=59.786
angle701=29.237
base702=37.141
angle702=78.559
base703=90.425
angle703=-60.167
base704=124.844
angle704=-45.002
base705=110.189
angle705=-28.369
base706=44.395
angle706=-12.804
base707=58.15
angle707=26.652
base708=36.957
angle708=76.416
**************************************************************************





