*** set the defaults  ****************************************************
nphi=45
nrad=1
nphotstar=50000
nphot=500000
nexits=0
usepol=.false.


**************************************************************************
****  visibilities as function of wavelength (MIDI)

D=8.2
inc=45.0

type='VISIBILITY'
flag='K_-60_45_UT'

lam1=2.0
lam2=2.4
nlam=6

***UT*** 01-174***29***
base01=48.507
angle01=-80.743
base02=92.069
angle02=-85.251
base03=130.055
angle03=78.094
base04=43.878
angle04=89.764
base05=86.609
angle05=66.428
base06=49.474
angle06=45.859
base07=48.616
angle07=-83.256
base08=92.141
angle08=-87.928
base09=130.009
angle09=74.748
base10=43.866
angle10=86.893
base11=86.862
angle11=62.648
base12=50.208
angle12=41.623
base13=48.69
angle13=-85.772
base14=92.156
angle14=89.394
base15=129.945
angle15=71.412
base16=43.832
angle16=84.023
base17=87.135
angle17=58.898
base18=50.97
angle18=37.483
base19=48.73
angle19=-88.288
base20=92.115
angle20=86.717
base21=129.859
angle21=68.087
base22=43.776
angle22=81.155
base23=87.422
angle23=55.18
base24=51.751
angle24=33.434
base25=48.736
angle25=89.195
base26=92.018
angle26=84.04
base27=129.746
angle27=64.774
base28=43.698
angle28=78.289
base29=87.715
angle29=51.494
base30=52.542
angle30=29.474
base31=48.708
angle31=86.678
base32=91.863
angle32=81.365
base33=129.599
angle33=61.474
base34=43.598
angle34=75.427
base35=88.007
angle35=47.842
base36=53.335
angle36=25.599
base37=48.646
angle37=84.162
base38=91.65
angle38=78.692
base39=129.414
angle39=58.187
base40=43.473
angle40=72.57
base41=88.291
angle41=44.223
base42=54.121
angle42=21.802
base43=48.55
angle43=81.648
base44=91.379
angle44=76.023
base45=129.183
angle45=54.914
base46=43.325
angle46=69.717
base47=88.558
angle47=40.636
base48=54.895
angle48=18.079
base49=48.419
angle49=79.135
base50=91.047
angle50=73.356
base51=128.9
angle51=51.654
base52=43.15
angle52=66.869
base53=88.802
angle53=37.081
base54=55.648
angle54=14.424
base55=48.252
angle55=76.626
base56=90.653
angle56=70.694
base57=128.559
angle57=48.407
base58=42.949
angle58=64.026
base59=89.016
angle59=33.555
base60=56.375
angle60=10.829
base61=48.05
angle61=74.12
base62=90.195
angle62=68.036
base63=128.153
angle63=45.172
base64=42.721
angle64=61.189
base65=89.193
angle65=30.057
base66=57.072
angle66=7.289
base67=47.811
angle67=71.618
base68=89.672
angle68=65.382
base69=127.676
angle69=41.947
base70=42.463
angle70=58.356
base71=89.326
angle71=26.583
base72=57.733
angle72=3.797
base73=47.535
angle73=69.12
base74=89.082
angle74=62.732
base75=127.121
angle75=38.731
base76=42.174
angle76=55.528
base77=89.411
angle77=23.129
base78=58.354
angle78=0.346
base79=47.221
angle79=66.626
base80=88.421
angle80=60.086
base81=126.484
angle81=35.521
base82=41.854
angle82=52.703
base83=89.443
angle83=19.693
base84=58.934
angle84=-3.068
base85=46.868
angle85=64.136
base86=87.689
angle86=57.443
base87=125.758
angle87=32.314
base88=41.502
angle88=49.88
base89=89.417
angle89=16.271
base90=59.469
angle90=-6.453
base91=46.475
angle91=61.65
base92=86.883
angle92=54.803
base93=124.939
angle93=29.109
base94=41.115
angle94=47.058
base95=89.33
angle95=12.857
base96=59.958
angle96=-9.814
base97=46.042
angle97=59.168
base98=86.001
angle98=52.165
base99=124.024
angle99=25.9
base100=40.692
angle100=44.235
base101=89.179
angle101=9.448
base102=60.4
angle102=-13.157
base103=45.566
angle103=56.689
base104=85.041
angle104=49.527
base105=123.01
angle105=22.684
base106=40.234
angle106=41.409
base107=88.964
angle107=6.039
base108=60.795
angle108=-16.486
base109=45.048
angle109=54.212
base110=84.001
angle110=46.887
base111=121.895
angle111=19.457
base112=39.738
angle112=38.577
base113=88.684
angle113=2.624
base114=61.142
angle114=-19.807
base115=44.486
angle115=51.738
base116=82.879
angle116=44.245
base117=120.678
angle117=16.214
base118=39.204
angle118=35.736
base119=88.338
angle119=-0.8
base120=61.444
angle120=-23.124
base121=43.88
angle121=49.263
base122=81.673
angle122=41.598
base123=119.359
angle123=12.95
base124=38.631
angle124=32.883
base125=87.928
angle125=-4.24
base126=61.701
angle126=-26.442
base127=43.229
angle127=46.787
base128=80.384
angle128=38.942
base129=117.939
angle129=9.659
base130=38.02
angle130=30.014
base131=87.457
angle131=-7.7
base132=61.915
angle132=-29.764
base133=42.532
angle133=44.308
base134=79.009
angle134=36.276
base135=116.422
angle135=6.335
base136=37.37
angle136=27.124
base137=86.927
angle137=-11.186
base138=62.088
angle138=-33.094
base139=41.789
angle139=41.824
base140=77.548
angle140=33.594
base141=114.811
angle141=2.972
base142=36.68
angle142=24.209
base143=86.343
angle143=-14.703
base144=62.225
angle144=-36.435
base145=40.999
angle145=39.332
base146=76.001
angle146=30.895
base147=113.112
angle147=-0.438
base148=35.953
angle148=21.262
base149=85.711
angle149=-18.256
base150=62.326
angle150=-39.79
base151=40.162
angle151=36.83
base152=74.368
angle152=28.171
base153=111.331
angle153=-3.9
base154=35.187
angle154=18.277
base155=85.036
angle155=-21.849
base156=62.397
angle156=-43.16
base157=39.278
angle157=34.314
base158=72.651
angle158=25.419
base159=109.478
angle159=-7.424
base160=34.385
angle160=15.247
base161=84.325
angle161=-25.488
base162=62.441
angle162=-46.549
base163=38.348
angle163=31.779
base164=70.85
angle164=22.632
base165=107.561
angle165=-11.016
base166=33.548
angle166=12.163
base167=83.586
angle167=-29.177
base168=62.461
angle168=-49.956
base169=37.371
angle169=29.222
base170=68.967
angle170=19.803
base171=105.593
angle171=-14.685
base172=32.677
angle172=9.017
base173=82.828
angle173=-32.919
base174=62.462
angle174=-53.383


**************************************************************************





